10/3/2020 17:15   [ERROR]   [ошибка чтения из файла базы данных]
10/3/2020 17:15   [LOG]   [был получен список полетов]
10/3/2020 17:15   [ERROR]   [ошибка записи в файл базы данных]
10/3/2020 17:17   [ERROR]   [ошибка чтения из файла базы данных]
10/3/2020 17:17   [LOG]   [был получен список полетов]
10/3/2020 17:17   [ERROR]   [ошибка записи в файл базы данных]
10/3/2020 17:17   [ERROR]   [ошибка чтения из файла базы данных]
10/3/2020 17:17   [LOG]   [был получен список полетов]
10/3/2020 17:18   [LOG]   [база данных успешно сохранена в файл]
10/3/2020 17:18   [LOG]   [база данных успешно загружена из файла]
10/3/2020 17:18   [LOG]   [был получен список полетов]
10/3/2020 17:18   [LOG]   [был получен список полетов]
10/3/2020 17:18   [LOG]   [база данных успешно загружена из файла]
10/3/2020 17:18   [LOG]   [был получен список полетов]
10/3/2020 17:18   [LOG]   [был получен список полетов]
10/3/2020 17:20   [LOG]   [был получен список полетов]
10/3/2020 17:20   [LOG]   [база данных успешно загружена из файла]
10/3/2020 17:20   [LOG]   [был получен список полетов]
10/3/2020 17:20   [LOG]   [был получен список полетов]
10/3/2020 17:21   [LOG]   [база данных успешно загружена из файла]
10/3/2020 17:21   [LOG]   [был получен список полетов]
10/3/2020 17:21   [LOG]   [база данных успешно сохранена в файл]
